[2023-03-21 15:08:13] This is codeql execute queries -J-Xmx15344M --off-heap-ram=15344 --verbosity=progress --logdir=/home/86/20010986/CVT/CWE_replication/cwe-22/codeql-eg-TarSlip/scenario_codeql_db/log --evaluator-log-level=5 --warnings=show --qlconfig-file=/home/86/20010986/CVT/qlconfig.yml --no-rerun --output=/home/86/20010986/CVT/CWE_replication/cwe-22/codeql-eg-TarSlip/scenario_codeql_db/results -- /home/86/20010986/CVT/CWE_replication/cwe-22/codeql-eg-TarSlip/scenario_codeql_db/db-python codeql/python-queries:Security-022/TarSlip.ql
[2023-03-21 15:08:13] Calling plumbing command: codeql resolve queries --qlconfig-file=/home/86/20010986/CVT/qlconfig.yml --format=json -- codeql/python-queries:Security-022/TarSlip.ql
[2023-03-21 15:08:13] [PROGRESS] resolve queries> Recording pack reference codeql/python-queries at /home/86/20010986/.codeql/packages/codeql/python-queries/0.6.4.
[2023-03-21 15:08:13] [SPAMMIER] resolve queries> Resolution instruction: query 'Security-022/TarSlip.ql'.
[2023-03-21 15:08:13] Exception caught at top level: /home/86/20010986/.codeql/packages/codeql/python-queries/0.6.4/Security-022/TarSlip.ql which is referenced from /home/86/20010986/CVT does not exist.
                      com.semmle.cli2.resolve.ResolveQueriesCommand$SuiteExpansionContext.lambda$execute$1(ResolveQueriesCommand.java:638)
                      java.base/java.util.Optional.ifPresent(Unknown Source)
                      com.semmle.cli2.resolve.ResolveQueriesCommand$SuiteExpansionContext.execute(ResolveQueriesCommand.java:636)
                      com.semmle.cli2.resolve.ResolveQueriesCommand$SuiteExpansionContext.execute(ResolveQueriesCommand.java:543)
                      com.semmle.cli2.resolve.ResolveQueriesCommand.expandInstructions(ResolveQueriesCommand.java:497)
                      com.semmle.cli2.resolve.ResolveQueriesCommand.expandQueryPack(ResolveQueriesCommand.java:492)
                      com.semmle.cli2.resolve.ResolveQueriesCommand.resolveQuerySpecifier(ResolveQueriesCommand.java:267)
                      com.semmle.cli2.resolve.ResolveQueriesCommand.executeJSON(ResolveQueriesCommand.java:193)
                      com.semmle.cli2.resolve.ResolveQueriesCommand.executeJSON(ResolveQueriesCommand.java:71)
                      com.semmle.cli2.picocli.SimpleJsonSubcommand.executeInsistingOnJSONWithExistingMessages(SimpleJsonSubcommand.java:129)
                      com.semmle.cli2.picocli.SubcommandCommon.withCompilationMessages(SubcommandCommon.java:435)
                      com.semmle.cli2.picocli.SimpleJsonSubcommand.executeInsistingOnJSON(SimpleJsonSubcommand.java:119)
                      com.semmle.cli2.picocli.PlumbingRunner.call(PlumbingRunner.java:53)
                      com.semmle.cli2.picocli.SubcommandCommon.callPlumbingInProcess(SubcommandCommon.java:170)
                      com.semmle.cli2.execute.ExecuteQueriesCommand.executeSubcommand(ExecuteQueriesCommand.java:321)
                      com.semmle.cli2.picocli.SubcommandCommon.lambda$executeSubcommandWithMessages$2(SubcommandCommon.java:671)
                      com.semmle.cli2.picocli.SubcommandCommon.withCompilationMessages(SubcommandCommon.java:435)
                      com.semmle.cli2.picocli.SubcommandCommon.executeSubcommandWithMessages(SubcommandCommon.java:670)
                      com.semmle.cli2.picocli.SubcommandCommon.call(SubcommandCommon.java:591)
                      com.semmle.cli2.picocli.SubcommandMaker.runMain(SubcommandMaker.java:225)
                      com.semmle.cli2.picocli.SubcommandMaker.runMain(SubcommandMaker.java:234)
                      com.semmle.cli2.CodeQL.main(CodeQL.java:100)
