[2023-03-21 15:13:59] This is codeql database analyze ./CWE_replication/cwe-20/codeql-eg-IncompleteUrlSubstringSanitization/scenario_codeql_db codeql/python-queries:Security/CWE-020/IncompleteUrlSubstringSanitization.ql --format=csv --output=./CWE_replication/cwe-20/codeql-eg-IncompleteUrlSubstringSanitization/scenario_codeql_results.csv --download
[2023-03-21 15:13:59] Log file was started late.
[2023-03-21 15:13:59] [DETAILS] database analyze> Downloading queries...
[2023-03-21 15:13:59] Running plumbing command: codeql pack download --format json --qlconfig-file=/home/86/20010986/CVT/qlconfig.yml -- codeql/python-queries:Security/CWE-020/IncompleteUrlSubstringSanitization.ql
[2023-03-21 15:13:59] [PROGRESS] pack download> Package specifications to check for download: codeql/python-queries:Security/CWE-020/IncompleteUrlSubstringSanitization.ql
[2023-03-21 15:13:59] Calling plumbing command: codeql resolve queries --qlconfig-file=/home/86/20010986/CVT/qlconfig.yml --format installedpacks codeql/python-queries:Security/CWE-020/IncompleteUrlSubstringSanitization.ql
[2023-03-21 15:13:59] [PROGRESS] resolve queries> Recording pack reference codeql/python-queries at /home/86/20010986/.codeql/packages/codeql/python-queries/0.6.4.
[2023-03-21 15:13:59] Plumbing command codeql resolve queries completed:
                      {
                        "installedPacks" : [
                          "codeql/python-queries@latest"
                        ]
                      }
[2023-03-21 15:14:00] [DETAILS] pack download> Packaging> Requesting package versions of codeql/python-queries from https://ghcr.io/v2/codeql/python-queries/tags/list?n=100
[2023-03-21 15:14:00] [DETAILS] pack download> Packaging> GET Anonymous credentials 'https://ghcr.io/token?scope=repository:codeql/python-queries:pull'
[2023-03-21 15:14:00] [DETAILS] pack download> Packaging> RESPONSE 'HTTP/1.1 200 OK'
[2023-03-21 15:14:01] [PROGRESS] pack download> Did not need to download any packs.
[2023-03-21 15:14:01] Plumbing command codeql pack download completed.
[2023-03-21 15:14:01] [PROGRESS] database analyze> Running queries.
[2023-03-21 15:14:01] Running plumbing command: codeql database run-queries --evaluator-log-level=5 --warnings=show --qlconfig-file=/home/86/20010986/CVT/qlconfig.yml --no-rerun -- /home/86/20010986/CVT/CWE_replication/cwe-20/codeql-eg-IncompleteUrlSubstringSanitization/scenario_codeql_db codeql/python-queries:Security/CWE-020/IncompleteUrlSubstringSanitization.ql
[2023-03-21 15:14:01] Calling plumbing command: codeql resolve ram --format=json
[2023-03-21 15:14:01] Plumbing command codeql resolve ram completed:
                      [
                        "-J-Xmx15344M",
                        "--off-heap-ram=15344"
                      ]
[2023-03-21 15:14:01] Spawning plumbing command: execute queries -J-Xmx15344M --off-heap-ram=15344 --verbosity=progress --logdir=/home/86/20010986/CVT/CWE_replication/cwe-20/codeql-eg-IncompleteUrlSubstringSanitization/scenario_codeql_db/log --evaluator-log-level=5 --warnings=show --qlconfig-file=/home/86/20010986/CVT/qlconfig.yml --no-rerun --output=/home/86/20010986/CVT/CWE_replication/cwe-20/codeql-eg-IncompleteUrlSubstringSanitization/scenario_codeql_db/results -- /home/86/20010986/CVT/CWE_replication/cwe-20/codeql-eg-IncompleteUrlSubstringSanitization/scenario_codeql_db/db-python codeql/python-queries:Security/CWE-020/IncompleteUrlSubstringSanitization.ql
[2023-03-21 15:14:20] Plumbing command codeql execute queries terminated with status 0.
[2023-03-21 15:14:20] Plumbing command codeql database run-queries completed with status 0.
[2023-03-21 15:14:20] [PROGRESS] database analyze> Interpreting results.
[2023-03-21 15:14:20] Running plumbing command: codeql database interpret-results --format=csv -o=/home/86/20010986/CVT/CWE_replication/cwe-20/codeql-eg-IncompleteUrlSubstringSanitization/scenario_codeql_results.csv --max-paths=4 --csv-location-format=line-column --print-diagnostics-summary --print-metrics-summary --qlconfig-file=/home/86/20010986/CVT/qlconfig.yml -- /home/86/20010986/CVT/CWE_replication/cwe-20/codeql-eg-IncompleteUrlSubstringSanitization/scenario_codeql_db codeql/python-queries:Security/CWE-020/IncompleteUrlSubstringSanitization.ql
[2023-03-21 15:14:20] Calling plumbing command: codeql resolve queries --qlconfig-file=/home/86/20010986/CVT/qlconfig.yml --format=json -- codeql/python-queries:Security/CWE-020/IncompleteUrlSubstringSanitization.ql
[2023-03-21 15:14:20] [PROGRESS] resolve queries> Recording pack reference codeql/python-queries at /home/86/20010986/.codeql/packages/codeql/python-queries/0.6.4.
[2023-03-21 15:14:20] [SPAMMIER] resolve queries> Resolution instruction: query 'Security/CWE-020/IncompleteUrlSubstringSanitization.ql'.
[2023-03-21 15:14:20] [SPAMMY] resolve queries> Query Filter: Implicitly including /home/86/20010986/.codeql/packages/codeql/python-queries/0.6.4/Security/CWE-020/IncompleteUrlSubstringSanitization.ql.
[2023-03-21 15:14:20] [DETAILS] resolve queries> Got 1 queries from /home/86/20010986/CVT.
[2023-03-21 15:14:20] Plumbing command codeql resolve queries completed:
                      [
                        "/home/86/20010986/.codeql/packages/codeql/python-queries/0.6.4/Security/CWE-020/IncompleteUrlSubstringSanitization.ql"
                      ]
[2023-03-21 15:14:20] [DETAILS] database interpret-results> Scanning for [codeql-pack.yml, qlpack.yml] from /home/86/20010986/codeql/.codeqlmanifest.json
[2023-03-21 15:14:20] [DETAILS] database interpret-results> Scanning for [codeql-pack.yml, qlpack.yml] from /home/86/20010986/
[2023-03-21 15:14:20] [DETAILS] database interpret-results> Not scanning from /home/86/20010986/codeql which is already done.
[2023-03-21 15:14:20] [PROGRESS] database interpret-results> Interpreting /home/86/20010986/.codeql/packages/codeql/python-queries/0.6.4/Security/CWE-020/IncompleteUrlSubstringSanitization.ql...
[2023-03-21 15:14:20] Calling plumbing command: codeql resolve library-path --query=/home/86/20010986/.codeql/packages/codeql/python-queries/0.6.4/Security/CWE-020/IncompleteUrlSubstringSanitization.ql --full-library-path=none --dbscheme=none --format=json
[2023-03-21 15:14:20] [DETAILS] resolve library-path> Resolving query at normalized path /home/86/20010986/.codeql/packages/codeql/python-queries/0.6.4/Security/CWE-020/IncompleteUrlSubstringSanitization.ql.
[2023-03-21 15:14:20] [DETAILS] resolve library-path> Found enclosing pack 'codeql/python-queries' at /home/86/20010986/.codeql/packages/codeql/python-queries/0.6.4.
[2023-03-21 15:14:20] [DETAILS] resolve library-path> Adding compilation cache at /home/86/20010986/.codeql/compile-cache.
[2023-03-21 15:14:20] [DETAILS] resolve library-path> Dbscheme was explicitly overridden as /home/86/20010986/CVT/none
[2023-03-21 15:14:20] [DETAILS] resolve library-path> Library path was overridden on command line.
[2023-03-21 15:14:20] Plumbing command codeql resolve library-path completed:
                      {
                        "libraryPath" : [
                          "/home/86/20010986/CVT/none"
                        ],
                        "dbscheme" : "/home/86/20010986/CVT/none",
                        "compilationCache" : [
                          "/home/86/20010986/.codeql/compile-cache"
                        ],
                        "relativeName" : "codeql/python-queries/Security/CWE-020/IncompleteUrlSubstringSanitization.ql",
                        "qlPackName" : "codeql/python-queries"
                      }
[2023-03-21 15:14:20] [DETAILS] database interpret-results>  ... found results file at /home/86/20010986/CVT/CWE_replication/cwe-20/codeql-eg-IncompleteUrlSubstringSanitization/scenario_codeql_db/results/codeql/python-queries/Security/CWE-020/IncompleteUrlSubstringSanitization.bqrs.
[2023-03-21 15:14:20] [DETAILS] database interpret-results> Interpreted problem query "Incomplete URL substring sanitization" (py/incomplete-url-substring-sanitization) at path /home/86/20010986/.codeql/packages/codeql/python-queries/0.6.4/Security/CWE-020/IncompleteUrlSubstringSanitization.ql.
[2023-03-21 15:14:20] Plumbing command codeql database interpret-results completed.
[2023-03-21 15:14:20] Terminating normally.
